TN:
SF:index.js
FN:1,(anonymous_0)
FNF:1
FNH:0
FNDA:0,(anonymous_0)
DA:1,0
LF:1
LH:0
BRF:0
BRH:0
end_of_record
TN:
SF:recursiveSolver.js
FN:1,(anonymous_0)
FN:2,(anonymous_1)
FNF:2
FNH:2
FNDA:14,(anonymous_0)
FNDA:84,(anonymous_1)
DA:1,1
DA:2,84
DA:3,14
DA:4,14
DA:6,14
DA:7,37
DA:8,97
DA:9,3
DA:10,94
DA:11,7
DA:12,87
DA:13,1
DA:14,86
DA:15,2
DA:19,1
DA:22,1
LF:16
LH:16
BRDA:8,0,0,3
BRDA:8,0,1,94
BRDA:10,1,0,7
BRDA:10,1,1,87
BRDA:12,2,0,1
BRDA:12,2,1,86
BRDA:14,3,0,2
BRDA:14,3,1,84
BRF:8
BRH:8
end_of_record
